<?xml version="1.0" encoding="UTF-8"?>
<!-- Generated by org.testng.reporters.JUnitReportReporter -->
<testsuite skipped="0" hostname="DESKTOP-488FP15" name="demoerror.Demo1" tests="1" failures="0" timestamp="2020-01-18T09:05:14 IST" time="0.000" errors="0">
  <testcase name="testA" time="0.000" classname="demoerror.Demo1"/>
</testsuite> <!-- demoerror.Demo1 -->
