<?xml version="1.0" encoding="UTF-8"?>
<!-- Generated by org.testng.reporters.JUnitReportReporter -->
<testsuite skipped="0" hostname="DESKTOP-488FP15" name="extent.Demo" tests="1" failures="0" timestamp="2020-01-19T08:18:44 IST" time="7.766" errors="0">
  <testcase name="testA" time="7.766" classname="extent.Demo"/>
</testsuite> <!-- extent.Demo -->
