<?xml version="1.0" encoding="UTF-8"?>
<!-- Generated by org.testng.reporters.JUnitReportReporter -->
<testsuite skipped="0" hostname="DESKTOP-488FP15" name="extent.Demo1" tests="2" failures="0" timestamp="2020-01-19T09:04:28 IST" time="11.963" errors="0">
  <testcase name="testA" time="6.943" classname="extent.Demo1"/>
  <testcase name="testB" time="5.020" classname="extent.Demo1"/>
</testsuite> <!-- extent.Demo1 -->
