<?xml version="1.0" encoding="UTF-8"?>
<!-- Generated by org.testng.reporters.JUnitReportReporter -->
<testsuite skipped="0" hostname="DESKTOP-488FP15" name="demoerror.Demo" tests="1" failures="0" timestamp="2020-01-18T09:05:14 IST" time="0.022" errors="0">
  <testcase name="testA" time="0.022" classname="demoerror.Demo"/>
</testsuite> <!-- demoerror.Demo -->
