<?xml version="1.0" encoding="UTF-8"?>
<!-- Generated by org.testng.reporters.JUnitReportReporter -->
<testsuite skipped="0" hostname="DESKTOP-488FP15" name="demo1.Demo" tests="2" failures="0" timestamp="2020-01-18T09:25:29 IST" time="68.189" errors="0">
  <testcase name="testA" time="28.932" classname="demo1.Demo"/>
  <testcase name="testB" time="39.257" classname="demo1.Demo"/>
</testsuite> <!-- demo1.Demo -->
